C51 COMPILER V9.60.7.0   LCD                                                               07/20/2025 23:07:44 PAGE 1   


C51 COMPILER V9.60.7.0, COMPILATION OF MODULE LCD
OBJECT MODULE PLACED IN ..\bin\lcd.obj
COMPILER INVOKED BY: C:\Keil_v5\C51\BIN\C51.EXE lcd.c OPTIMIZE(8,SPEED) BROWSE INCDIR(..\include) DEBUG OBJECTEXTEND PRI
                    -NT(.\Listings\lcd.lst) TABS(2) OBJECT(..\bin\lcd.obj)

line level    source

   1          #include "global.h"
   2          #include <reg51.h>
   3          #include "delay.h"
   4          #include "lcd.h"
   5          
   6          #define LCD_PORT P2
   7          #define Set_LCD_Command_mode()  Clr_Bit(P3, BIT5)
   8          #define Set_LCD_Data_mode()     Set_Bit(P3, BIT5)
   9          
  10          static void Set_LCD_Clock(void)
  11          { 
  12   1          Clr_Bit(P3, BIT7);
  13   1          delay(1000);
  14   1          Set_Bit(P3, BIT7);
  15   1      }
  16          
  17          static void Write_LCD_PORT(unsigned char value)
  18          {
  19   1          LCD_PORT = value;
  20   1      }
  21          
  22          void Set_LCD_Command(unsigned char command)
  23          {
  24   1          Write_LCD_PORT(command);
  25   1          Set_LCD_Command_mode();
  26   1          Set_LCD_Clock();
  27   1      }
  28          
  29          void Set_LCD_Char(unsigned char character)
  30          {
  31   1          Write_LCD_PORT(character);
  32   1          Set_LCD_Data_mode();
  33   1          Set_LCD_Clock();
  34   1      }
  35          
  36          void Set_LCD_string(const char *str)
  37          {
  38   1          while (*str != '\0') {
  39   2              Set_LCD_Char(*str);
  40   2              str++;
  41   2          }
  42   1      }
  43          
  44          void Init_LCD(void)
  45          {
  46   1          Set_LCD_Command(0x38);  // Function set: 8-bit, 2 line, 5x8 dots
  47   1          Set_LCD_Command(0x0E);  // Display on, cursor on
  48   1          Set_LCD_Command(0x06);  // Entry mode: increment
  49   1      }


MODULE INFORMATION:   STATIC OVERLAYABLE
   CODE SIZE        =     85    ----
   CONSTANT SIZE    =   ----    ----
C51 COMPILER V9.60.7.0   LCD                                                               07/20/2025 23:07:44 PAGE 2   

   XDATA SIZE       =   ----    ----
   PDATA SIZE       =   ----    ----
   DATA SIZE        =   ----       3
   IDATA SIZE       =   ----    ----
   BIT SIZE         =   ----    ----
END OF MODULE INFORMATION.


C51 COMPILATION COMPLETE.  0 WARNING(S),  0 ERROR(S)
