C51 COMPILER V9.60.7.0   UART                                                              07/20/2025 23:07:44 PAGE 1   


C51 COMPILER V9.60.7.0, COMPILATION OF MODULE UART
OBJECT MODULE PLACED IN ..\bin\uart.obj
COMPILER INVOKED BY: C:\Keil_v5\C51\BIN\C51.EXE uart.c OPTIMIZE(8,SPEED) BROWSE INCDIR(..\include) DEBUG OBJECTEXTEND PR
                    -INT(.\Listings\uart.lst) TABS(2) OBJECT(..\bin\uart.obj)

line level    source

   1          #include <reg51.h>
   2          #include <global.h>
   3          #include "uart.h"
   4          
   5          volatile unsigned char rx_char = 0;
   6          bit rx_flag = 0;
   7          
   8          void Config_UART(void) 
   9          {
  10   1          TMOD = 0x20;    // Timer1 in Mode 2 (8-bit auto-reload)
  11   1          TH1 = 0xFD;      // Baud rate 115200 for 11.0592 MHz
  12   1          SCON = 0x50;     // UART Mode 1: 8-bit, REN enabled
  13   1          TR1 = 1;         // Start Timer1
  14   1          // ES = 1;          // Enable UART interrupt
  15   1          // EA = 1;          // Enable global interrupt
  16   1      }
  17          
  18          void Set_UART_Data(unsigned char Dat) 
  19          {
  20   1          SBUF = Dat;
  21   1          while (TI==0);  //wait for data transmit
  22   1          TI = 0; //Ready to send next data
  23   1      
  24   1      }
  25          
  26          void Set_UART_String(unsigned char* str)
  27          {
  28   1          while(*str != '\0')
  29   1          {
  30   2              Set_UART_Data(*str);
  31   2              str++;
  32   2          }
  33   1      }
  34          
  35          /*
  36          void char Get_UART_Data()
  37          {
  38              unsigned char RawData = 0;
  39              while(RI==1)
  40              {
  41                  RawData = SBUF;
  42                  RI=0;
  43                  return RawData;
  44              }
  45          }
  46          */
  47          
  48          


MODULE INFORMATION:   STATIC OVERLAYABLE
   CODE SIZE        =     39    ----
   CONSTANT SIZE    =   ----    ----
   XDATA SIZE       =   ----    ----
C51 COMPILER V9.60.7.0   UART                                                              07/20/2025 23:07:44 PAGE 2   

   PDATA SIZE       =   ----    ----
   DATA SIZE        =      1    ----
   IDATA SIZE       =   ----    ----
   BIT SIZE         =      1    ----
END OF MODULE INFORMATION.


C51 COMPILATION COMPLETE.  0 WARNING(S),  0 ERROR(S)
